2023-05-04 14:30:30,989:INFO:PyCaret Supervised Module
2023-05-04 14:30:30,993:INFO:ML Usecase: classification
2023-05-04 14:30:30,995:INFO:version 2.3.10
2023-05-04 14:30:30,995:INFO:Initializing setup()
2023-05-04 14:30:30,995:INFO:setup(target=Class, ml_usecase=classification, available_plots={'parameter': 'Hyperparameters', 'auc': 'AUC', 'confusion_matrix': 'Confusion Matrix', 'threshold': 'Threshold', 'pr': 'Precision Recall', 'error': 'Prediction Error', 'class_report': 'Class Report', 'rfe': 'Feature Selection', 'learning': 'Learning Curve', 'manifold': 'Manifold Learning', 'calibration': 'Calibration Curve', 'vc': 'Validation Curve', 'dimension': 'Dimensions', 'feature': 'Feature Importance', 'feature_all': 'Feature Importance (All)', 'boundary': 'Decision Boundary', 'lift': 'Lift Chart', 'gain': 'Gain Chart', 'tree': 'Decision Tree', 'ks': 'KS Statistic Plot'}, train_size=0.7, test_data=None, preprocess=True, imputation_type=simple, iterative_imputation_iters=5, categorical_features=None, categorical_imputation=constant, categorical_iterative_imputer=lightgbm, ordinal_features=None, high_cardinality_features=None, high_cardinality_method=frequency, numeric_features=None, numeric_imputation=mean, numeric_iterative_imputer=lightgbm, date_features=None, ignore_features=None, normalize=False, normalize_method=zscore, transformation=False, transformation_method=yeo-johnson, handle_unknown_categorical=True, unknown_categorical_method=least_frequent, pca=False, pca_method=linear, pca_components=None, ignore_low_variance=False, combine_rare_levels=False, rare_level_threshold=0.1, bin_numeric_features=None, remove_outliers=False, outliers_threshold=0.05, remove_multicollinearity=False, multicollinearity_threshold=0.9, remove_perfect_collinearity=True, create_clusters=False, cluster_iter=20, polynomial_features=False, polynomial_degree=2, trigonometry_features=False, polynomial_threshold=0.1, group_features=None, group_names=None, feature_selection=False, feature_selection_threshold=0.8, feature_selection_method=classic, feature_interaction=False, feature_ratio=False, interaction_threshold=0.01, fix_imbalance=False, fix_imbalance_method=None, transform_target=False, transform_target_method=box-cox, data_split_shuffle=True, data_split_stratify=False, fold_strategy=stratifiedkfold, fold=10, fold_shuffle=False, fold_groups=None, n_jobs=-1, use_gpu=False, custom_pipeline=None, html=True, session_id=None, log_experiment=False, experiment_name=None, experiment_custom_tags=None, log_plots=False, log_profile=False, log_data=False, silent=False, verbose=True, profile=False, profile_kwargs=None, display=None)
2023-05-04 14:30:30,996:INFO:Checking environment
2023-05-04 14:30:30,996:INFO:python_version: 3.9.16
2023-05-04 14:30:30,996:INFO:python_build: ('main', 'Mar  8 2023 14:00:05')
2023-05-04 14:30:30,996:INFO:machine: x86_64
2023-05-04 14:30:31,028:INFO:platform: Linux-5.15.0-71-generic-x86_64-with-glibc2.31
2023-05-04 14:30:31,029:INFO:Memory: svmem(total=8070135808, available=3929198592, percent=51.3, used=3687219200, free=3517747200, active=968155136, inactive=3138813952, buffers=39923712, cached=825245696, shared=183644160, slab=229265408)
2023-05-04 14:30:31,030:INFO:Physical Core: 6
2023-05-04 14:30:31,031:INFO:Logical Core: 12
2023-05-04 14:30:31,031:INFO:Checking libraries
2023-05-04 14:30:31,031:INFO:pd==1.5.1
2023-05-04 14:30:31,031:INFO:numpy==1.20.3
2023-05-04 14:30:31,031:INFO:sklearn==0.23.2
2023-05-04 14:30:31,031:INFO:lightgbm==3.3.3
2023-05-04 14:30:31,032:WARNING:catboost not found
2023-05-04 14:30:31,032:WARNING:xgboost not found
2023-05-04 14:30:31,032:INFO:mlflow==1.30.0
2023-05-04 14:30:31,032:INFO:Checking Exceptions
2023-05-04 14:30:31,032:INFO:Declaring global variables
2023-05-04 14:30:31,033:INFO:USI: 6b43
2023-05-04 14:30:31,033:INFO:pycaret_globals: {'experiment__', 'dashboard_logger', 'n_jobs_param', 'log_plots_param', '_available_plots', 'logging_param', 'master_model_container', 'X_test', 'display_container', 'y', 'USI', 'fold_generator', 'imputation_regressor', 'X_train', 'transform_target_method_param', '_gpu_n_jobs_param', 'exp_name_log', 'fold_groups_param', 'fold_shuffle_param', 'y_train', 'fold_groups_param_full', '_all_models', 'gpu_param', '_ml_usecase', 'create_model_container', 'X', 'y_test', 'fix_imbalance_method_param', 'html_param', 'stratify_param', 'fix_imbalance_param', '_all_metrics', '_all_models_internal', 'prep_pipe', 'iterative_imputation_iters_param', 'imputation_classifier', 'data_before_preprocess', 'pycaret_globals', 'seed', 'fold_param', '_internal_pipeline', 'transform_target_param', 'target_param'}
2023-05-04 14:30:31,033:INFO:Preparing display monitor
2023-05-04 14:30:31,033:INFO:Preparing display monitor
2023-05-04 14:30:31,039:INFO:Importing libraries
2023-05-04 14:30:31,039:INFO:Copying data for preprocessing
2023-05-04 14:30:31,045:INFO:Declaring preprocessing parameters
2023-05-04 14:30:31,047:INFO:Creating preprocessing pipeline
2023-05-04 14:30:31,060:INFO:Preprocessing pipeline created successfully
2023-05-04 14:30:31,060:ERROR:(Process Exit): setup has been interupted with user command 'quit'. setup must rerun.
2023-05-04 14:30:31,060:INFO:Creating global containers
2023-05-04 14:30:31,061:INFO:Internal pipeline: Pipeline(memory=None, steps=[('empty_step', 'passthrough')], verbose=False)
2023-05-04 14:31:50,297:WARNING:Couldn't import xgboost.XGBClassifier
2023-05-04 14:31:50,298:WARNING:Couldn't import catboost.CatBoostClassifier
2023-05-04 14:31:50,343:WARNING:Couldn't import xgboost.XGBClassifier
2023-05-04 14:31:50,343:WARNING:Couldn't import catboost.CatBoostClassifier
2023-05-04 14:31:50,344:INFO:Creating grid variables
2023-05-04 14:31:50,345:INFO:create_model_container: 0
2023-05-04 14:31:50,346:INFO:master_model_container: 0
2023-05-04 14:31:50,346:INFO:display_container: 1
2023-05-04 14:31:50,348:INFO:Pipeline(memory=None,
         steps=[('dtypes',
                 DataTypes_Auto_infer(categorical_features=[],
                                      display_types=True, features_todrop=[],
                                      id_columns=[],
                                      ml_usecase='classification',
                                      numerical_features=[], target='Class',
                                      time_features=[])),
                ('imputer',
                 Simple_Imputer(categorical_strategy='not_available',
                                fill_value_categorical=None,
                                fill_value_numerical=None,
                                numeric_strate...
                ('scaling', 'passthrough'), ('P_transform', 'passthrough'),
                ('binn', 'passthrough'), ('rem_outliers', 'passthrough'),
                ('cluster_all', 'passthrough'),
                ('dummy', Dummify(target='Class')),
                ('fix_perfect', Remove_100(target='Class')),
                ('clean_names', Clean_Colum_Names()),
                ('feature_select', 'passthrough'), ('fix_multi', 'passthrough'),
                ('dfs', 'passthrough'), ('pca', 'passthrough')],
         verbose=False)
2023-05-04 14:31:50,348:INFO:setup() succesfully completed......................................
2023-05-04 14:31:50,607:INFO:PyCaret Supervised Module
2023-05-04 14:31:50,607:INFO:ML Usecase: classification
2023-05-04 14:31:50,607:INFO:version 2.3.10
2023-05-04 14:31:50,608:INFO:Initializing setup()
2023-05-04 14:31:50,608:INFO:setup(target=Class, ml_usecase=classification, available_plots={'parameter': 'Hyperparameters', 'auc': 'AUC', 'confusion_matrix': 'Confusion Matrix', 'threshold': 'Threshold', 'pr': 'Precision Recall', 'error': 'Prediction Error', 'class_report': 'Class Report', 'rfe': 'Feature Selection', 'learning': 'Learning Curve', 'manifold': 'Manifold Learning', 'calibration': 'Calibration Curve', 'vc': 'Validation Curve', 'dimension': 'Dimensions', 'feature': 'Feature Importance', 'feature_all': 'Feature Importance (All)', 'boundary': 'Decision Boundary', 'lift': 'Lift Chart', 'gain': 'Gain Chart', 'tree': 'Decision Tree', 'ks': 'KS Statistic Plot'}, train_size=0.7, test_data=None, preprocess=True, imputation_type=simple, iterative_imputation_iters=5, categorical_features=None, categorical_imputation=constant, categorical_iterative_imputer=lightgbm, ordinal_features=None, high_cardinality_features=None, high_cardinality_method=frequency, numeric_features=None, numeric_imputation=mean, numeric_iterative_imputer=lightgbm, date_features=None, ignore_features=None, normalize=False, normalize_method=zscore, transformation=False, transformation_method=yeo-johnson, handle_unknown_categorical=True, unknown_categorical_method=least_frequent, pca=False, pca_method=linear, pca_components=None, ignore_low_variance=False, combine_rare_levels=False, rare_level_threshold=0.1, bin_numeric_features=None, remove_outliers=False, outliers_threshold=0.05, remove_multicollinearity=False, multicollinearity_threshold=0.9, remove_perfect_collinearity=True, create_clusters=False, cluster_iter=20, polynomial_features=False, polynomial_degree=2, trigonometry_features=False, polynomial_threshold=0.1, group_features=None, group_names=None, feature_selection=False, feature_selection_threshold=0.8, feature_selection_method=classic, feature_interaction=False, feature_ratio=False, interaction_threshold=0.01, fix_imbalance=False, fix_imbalance_method=None, transform_target=False, transform_target_method=box-cox, data_split_shuffle=True, data_split_stratify=False, fold_strategy=stratifiedkfold, fold=10, fold_shuffle=False, fold_groups=None, n_jobs=-1, use_gpu=False, custom_pipeline=None, html=True, session_id=None, log_experiment=False, experiment_name=None, experiment_custom_tags=None, log_plots=False, log_profile=False, log_data=False, silent=False, verbose=True, profile=False, profile_kwargs=None, display=None)
2023-05-04 14:31:50,608:INFO:Checking environment
2023-05-04 14:31:50,608:INFO:python_version: 3.9.16
2023-05-04 14:31:50,608:INFO:python_build: ('main', 'Mar  8 2023 14:00:05')
2023-05-04 14:31:50,609:INFO:machine: x86_64
2023-05-04 14:31:50,609:INFO:platform: Linux-5.15.0-71-generic-x86_64-with-glibc2.31
2023-05-04 14:31:50,610:INFO:Memory: svmem(total=8070135808, available=4852326400, percent=39.9, used=2762592256, free=4392386560, active=1002504192, inactive=2247868416, buffers=40505344, cached=874651648, shared=185155584, slab=227328000)
2023-05-04 14:31:50,624:INFO:Physical Core: 6
2023-05-04 14:31:50,626:INFO:Logical Core: 12
2023-05-04 14:31:50,626:INFO:Checking libraries
2023-05-04 14:31:50,626:INFO:pd==1.5.1
2023-05-04 14:31:50,627:INFO:numpy==1.20.3
2023-05-04 14:31:50,627:INFO:sklearn==0.23.2
2023-05-04 14:31:50,628:INFO:lightgbm==3.3.3
2023-05-04 14:31:50,629:WARNING:catboost not found
2023-05-04 14:31:50,629:WARNING:xgboost not found
2023-05-04 14:31:50,630:INFO:mlflow==1.30.0
2023-05-04 14:31:50,630:INFO:Checking Exceptions
2023-05-04 14:31:50,631:INFO:Declaring global variables
2023-05-04 14:31:50,632:INFO:USI: 6a1f
2023-05-04 14:31:50,634:INFO:pycaret_globals: {'experiment__', 'dashboard_logger', 'n_jobs_param', 'log_plots_param', '_available_plots', 'logging_param', 'master_model_container', 'X_test', 'display_container', 'y', 'USI', 'fold_generator', 'imputation_regressor', 'X_train', 'transform_target_method_param', '_gpu_n_jobs_param', 'exp_name_log', 'fold_groups_param', 'fold_shuffle_param', 'y_train', 'fold_groups_param_full', '_all_models', 'gpu_param', '_ml_usecase', 'create_model_container', 'X', 'y_test', 'fix_imbalance_method_param', 'html_param', 'stratify_param', 'fix_imbalance_param', '_all_metrics', '_all_models_internal', 'prep_pipe', 'iterative_imputation_iters_param', 'imputation_classifier', 'data_before_preprocess', 'pycaret_globals', 'seed', 'fold_param', '_internal_pipeline', 'transform_target_param', 'target_param'}
2023-05-04 14:31:50,636:INFO:Preparing display monitor
2023-05-04 14:31:50,636:INFO:Preparing display monitor
2023-05-04 14:31:50,640:INFO:Importing libraries
2023-05-04 14:31:50,641:INFO:Copying data for preprocessing
2023-05-04 14:31:50,643:INFO:Declaring preprocessing parameters
2023-05-04 14:31:50,644:INFO:Creating preprocessing pipeline
2023-05-04 14:31:50,653:INFO:Preprocessing pipeline created successfully
2023-05-04 14:31:50,653:ERROR:(Process Exit): setup has been interupted with user command 'quit'. setup must rerun.
2023-05-04 14:31:50,654:INFO:Creating global containers
2023-05-04 14:31:50,655:INFO:Internal pipeline: Pipeline(memory=None, steps=[('empty_step', 'passthrough')], verbose=False)
